[0m01:35:13.537752 [debug] [MainThread]: Sending event: {'category': 'dbt', 'action': 'invocation', 'label': 'start', 'context': [<snowplow_tracker.self_describing_json.SelfDescribingJson object at 0x71bdc06857d0>, <snowplow_tracker.self_describing_json.SelfDescribingJson object at 0x71bdc0846a90>, <snowplow_tracker.self_describing_json.SelfDescribingJson object at 0x71bdc08466d0>]}


============================== 01:35:13.545112 | 4be4d2fa-28a2-4c67-9c89-746c7f8ba07e ==============================
[0m01:35:13.545112 [info ] [MainThread]: Running with dbt=1.11.7
[0m01:35:13.548291 [debug] [MainThread]: running dbt with arguments {'fail_fast': 'False', 'log_path': '/mnt/c/Users/mathi/Documents/pea-pme-pulse/dbt/logs', 'warn_error': 'None', 'no_print': 'None', 'target_path': 'None', 'printer_width': '80', 'version_check': 'True', 'send_anonymous_usage_stats': 'True', 'cache_selected_only': 'False', 'profiles_dir': '/home/mathias/.dbt', 'use_experimental_parser': 'False', 'invocation_command': 'dbt debug', 'log_cache_events': 'False', 'debug': 'False', 'empty': 'None', 'indirect_selection': 'eager', 'quiet': 'False', 'log_format': 'default', 'partial_parse': 'True', 'use_colors': 'True', 'warn_error_options': 'WarnErrorOptionsV2(error=[], warn=[], silence=[])', 'introspect': 'True', 'write_json': 'True', 'static_parser': 'True'}
[0m01:35:13.594363 [info ] [MainThread]: dbt version: 1.11.7
[0m01:35:13.598202 [info ] [MainThread]: python version: 3.11.8
[0m01:35:13.601079 [info ] [MainThread]: python path: /home/mathias/.pyenv/versions/3.11.8/envs/Artefact/bin/python
[0m01:35:13.603587 [info ] [MainThread]: os info: Linux-6.6.87.2-microsoft-standard-WSL2-x86_64-with-glibc2.39
[0m01:35:17.828283 [info ] [MainThread]: Using profiles dir at /home/mathias/.dbt
[0m01:35:17.831098 [info ] [MainThread]: Using profiles.yml file at /home/mathias/.dbt/profiles.yml
[0m01:35:17.833178 [info ] [MainThread]: Using dbt_project.yml file at /mnt/c/Users/mathi/Documents/pea-pme-pulse/dbt/dbt_project.yml
[0m01:35:17.835096 [info ] [MainThread]: adapter type: bigquery
[0m01:35:17.837931 [info ] [MainThread]: adapter version: 1.11.1
[0m01:35:18.001389 [info ] [MainThread]: Configuration:
[0m01:35:18.003967 [info ] [MainThread]:   profiles.yml file [[32mOK found and valid[0m]
[0m01:35:18.006094 [info ] [MainThread]:   dbt_project.yml file [[32mOK found and valid[0m]
[0m01:35:18.008088 [info ] [MainThread]: Required dependencies:
[0m01:35:18.010403 [debug] [MainThread]: Executing "git --help"
[0m01:35:18.018876 [debug] [MainThread]: STDOUT: "b"usage: git [-v | --version] [-h | --help] [-C <path>] [-c <name>=<value>]\n           [--exec-path[=<path>]] [--html-path] [--man-path] [--info-path]\n           [-p | --paginate | -P | --no-pager] [--no-replace-objects] [--bare]\n           [--git-dir=<path>] [--work-tree=<path>] [--namespace=<name>]\n           [--config-env=<name>=<envvar>] <command> [<args>]\n\nThese are common Git commands used in various situations:\n\nstart a working area (see also: git help tutorial)\n   clone     Clone a repository into a new directory\n   init      Create an empty Git repository or reinitialize an existing one\n\nwork on the current change (see also: git help everyday)\n   add       Add file contents to the index\n   mv        Move or rename a file, a directory, or a symlink\n   restore   Restore working tree files\n   rm        Remove files from the working tree and from the index\n\nexamine the history and state (see also: git help revisions)\n   bisect    Use binary search to find the commit that introduced a bug\n   diff      Show changes between commits, commit and working tree, etc\n   grep      Print lines matching a pattern\n   log       Show commit logs\n   show      Show various types of objects\n   status    Show the working tree status\n\ngrow, mark and tweak your common history\n   branch    List, create, or delete branches\n   commit    Record changes to the repository\n   merge     Join two or more development histories together\n   rebase    Reapply commits on top of another base tip\n   reset     Reset current HEAD to the specified state\n   switch    Switch branches\n   tag       Create, list, delete or verify a tag object signed with GPG\n\ncollaborate (see also: git help workflows)\n   fetch     Download objects and refs from another repository\n   pull      Fetch from and integrate with another repository or a local branch\n   push      Update remote refs along with associated objects\n\n'git help -a' and 'git help -g' list available subcommands and some\nconcept guides. See 'git help <command>' or 'git help <concept>'\nto read about a specific subcommand or concept.\nSee 'git help git' for an overview of the system.\n""
[0m01:35:18.022734 [debug] [MainThread]: STDERR: "b''"
[0m01:35:18.025610 [info ] [MainThread]:  - git [[32mOK found[0m]

[0m01:35:18.028487 [info ] [MainThread]: Connection:
[0m01:35:18.030592 [info ] [MainThread]:   method: oauth
[0m01:35:18.032874 [info ] [MainThread]:   database: bootcamp-project-pea-pme
[0m01:35:18.035778 [info ] [MainThread]:   execution_project: bootcamp-project-pea-pme
[0m01:35:18.038242 [info ] [MainThread]:   schema: silver
[0m01:35:18.039996 [info ] [MainThread]:   location: EU
[0m01:35:18.041634 [info ] [MainThread]:   priority: None
[0m01:35:18.042987 [info ] [MainThread]:   maximum_bytes_billed: None
[0m01:35:18.044209 [info ] [MainThread]:   impersonate_service_account: None
[0m01:35:18.045284 [info ] [MainThread]:   job_retry_deadline_seconds: None
[0m01:35:18.046675 [info ] [MainThread]:   job_retries: 1
[0m01:35:18.048220 [info ] [MainThread]:   job_creation_timeout_seconds: None
[0m01:35:18.049922 [info ] [MainThread]:   job_execution_timeout_seconds: 300
[0m01:35:18.051495 [info ] [MainThread]:   timeout_seconds: 300
[0m01:35:18.053706 [info ] [MainThread]:   client_id: None
[0m01:35:18.055491 [info ] [MainThread]:   token_uri: None
[0m01:35:18.056566 [info ] [MainThread]:   compute_region: None
[0m01:35:18.057704 [info ] [MainThread]:   dataproc_cluster_name: None
[0m01:35:18.058770 [info ] [MainThread]:   gcs_bucket: None
[0m01:35:18.059861 [info ] [MainThread]:   dataproc_batch: None
[0m01:35:18.061312 [info ] [MainThread]: Registered adapter: bigquery=1.11.1
[0m01:35:18.267394 [debug] [MainThread]: Acquiring new bigquery connection 'debug'
[0m01:35:18.269549 [debug] [MainThread]: On debug: select 1 as id
[0m01:35:18.271488 [debug] [MainThread]: Opening a new connection, currently in state init
[0m01:35:38.065123 [debug] [MainThread]: BigQuery adapter: https://console.cloud.google.com/bigquery?project=bootcamp-project-pea-pme&j=bq:EU:b96da01e-1691-4363-9839-e45256d908af&page=queryresults
[0m01:35:38.240376 [debug] [MainThread]: SQL status: OK in 0.172 seconds
[0m01:35:38.471877 [info ] [MainThread]:   Connection test: [[32mOK connection ok[0m]

[0m01:35:38.476067 [info ] [MainThread]: [32mAll checks passed![0m
[0m01:35:38.480772 [debug] [MainThread]: Resource report: {"command_name": "debug", "command_success": true, "command_wall_clock_time": 25.067043, "process_in_blocks": "376336", "process_kernel_time": 1.200241, "process_mem_max_rss": "295828", "process_out_blocks": "8", "process_user_time": 6.327805}
[0m01:35:38.485130 [debug] [MainThread]: Command `dbt debug` succeeded at 01:35:38.484744 after 25.07 seconds
[0m01:35:38.489245 [debug] [MainThread]: Connection 'debug' was properly closed.
[0m01:35:38.493228 [debug] [MainThread]: Sending event: {'category': 'dbt', 'action': 'invocation', 'label': 'end', 'context': [<snowplow_tracker.self_describing_json.SelfDescribingJson object at 0x71bdc6070f90>, <snowplow_tracker.self_describing_json.SelfDescribingJson object at 0x71bdc6103ad0>, <snowplow_tracker.self_describing_json.SelfDescribingJson object at 0x71bdc05741d0>]}
[0m01:35:38.497064 [debug] [MainThread]: Flushing usage events
[0m01:35:38.990486 [debug] [MainThread]: An error was encountered while trying to flush usage events
[0m01:36:12.387594 [debug] [MainThread]: Sending event: {'category': 'dbt', 'action': 'invocation', 'label': 'start', 'context': [<snowplow_tracker.self_describing_json.SelfDescribingJson object at 0x708616d06090>, <snowplow_tracker.self_describing_json.SelfDescribingJson object at 0x708616d0f390>, <snowplow_tracker.self_describing_json.SelfDescribingJson object at 0x708616d50b90>]}


============================== 01:36:12.392965 | 479056a1-784f-4c63-8df9-ef3f4a9c3e9a ==============================
[0m01:36:12.392965 [info ] [MainThread]: Running with dbt=1.11.7
[0m01:36:12.394670 [debug] [MainThread]: running dbt with arguments {'version_check': 'True', 'warn_error': 'None', 'static_parser': 'True', 'target_path': 'None', 'log_cache_events': 'False', 'partial_parse': 'True', 'printer_width': '80', 'fail_fast': 'False', 'write_json': 'True', 'log_format': 'default', 'log_path': '/mnt/c/Users/mathi/Documents/pea-pme-pulse/dbt/logs', 'send_anonymous_usage_stats': 'True', 'use_experimental_parser': 'False', 'introspect': 'True', 'cache_selected_only': 'False', 'empty': 'None', 'use_colors': 'True', 'debug': 'False', 'no_print': 'None', 'invocation_command': 'dbt test --select source:bronze.yfinance_ohlcv', 'warn_error_options': 'WarnErrorOptionsV2(error=[], warn=[], silence=[])', 'indirect_selection': 'eager', 'quiet': 'False', 'profiles_dir': '/home/mathias/.dbt'}
[0m01:36:14.951334 [debug] [MainThread]: Sending event: {'category': 'dbt', 'action': 'project_id', 'label': '479056a1-784f-4c63-8df9-ef3f4a9c3e9a', 'context': [<snowplow_tracker.self_describing_json.SelfDescribingJson object at 0x7085ef1ed350>]}
[0m01:36:15.038460 [debug] [MainThread]: Sending event: {'category': 'dbt', 'action': 'adapter_info', 'label': '479056a1-784f-4c63-8df9-ef3f4a9c3e9a', 'context': [<snowplow_tracker.self_describing_json.SelfDescribingJson object at 0x7086197d6ad0>]}
[0m01:36:15.041419 [info ] [MainThread]: Registered adapter: bigquery=1.11.1
[0m01:36:15.253495 [debug] [MainThread]: checksum: b80718358155fc17c3559352095564dd56ada1cc1a1c0ef2e62c857e71583775, vars: {}, profile: , target: , version: 1.11.7
[0m01:36:15.263748 [info ] [MainThread]: Unable to do partial parsing because saved manifest not found. Starting full parse.
[0m01:36:15.266406 [debug] [MainThread]: Sending event: {'category': 'dbt', 'action': 'partial_parser', 'label': '479056a1-784f-4c63-8df9-ef3f4a9c3e9a', 'context': [<snowplow_tracker.self_describing_json.SelfDescribingJson object at 0x7085eeffa550>]}
[0m01:36:16.945212 [warn ] [MainThread]: [[33mWARNING[0m]: Configuration paths exist in your dbt_project.yml file which do not apply to any resources.
There are 1 unused configuration paths:
- models.pea_pme_pulse.gold
[0m01:36:16.959285 [debug] [MainThread]: Sending event: {'category': 'dbt', 'action': 'load_project', 'label': '479056a1-784f-4c63-8df9-ef3f4a9c3e9a', 'context': [<snowplow_tracker.self_describing_json.SelfDescribingJson object at 0x7085eeab7990>]}
[0m01:36:17.098983 [debug] [MainThread]: Wrote artifact WritableManifest to /mnt/c/Users/mathi/Documents/pea-pme-pulse/dbt/target/manifest.json
[0m01:36:17.110491 [debug] [MainThread]: Wrote artifact SemanticManifest to /mnt/c/Users/mathi/Documents/pea-pme-pulse/dbt/target/semantic_manifest.json
[0m01:36:17.165362 [debug] [MainThread]: Sending event: {'category': 'dbt', 'action': 'resource_counts', 'label': '479056a1-784f-4c63-8df9-ef3f4a9c3e9a', 'context': [<snowplow_tracker.self_describing_json.SelfDescribingJson object at 0x7085ee6be190>]}
[0m01:36:17.167304 [info ] [MainThread]: Found 1 model, 9 data tests, 3 sources, 540 macros
[0m01:36:17.169387 [debug] [MainThread]: Sending event: {'category': 'dbt', 'action': 'runnable_timing', 'label': '479056a1-784f-4c63-8df9-ef3f4a9c3e9a', 'context': [<snowplow_tracker.self_describing_json.SelfDescribingJson object at 0x7085ee798c10>]}
[0m01:36:17.172746 [info ] [MainThread]: 
[0m01:36:17.174859 [info ] [MainThread]: Concurrency: 4 threads (target='dev')
[0m01:36:17.177364 [info ] [MainThread]: 
[0m01:36:17.179962 [debug] [MainThread]: Acquiring new bigquery connection 'master'
[0m01:36:17.184348 [debug] [ThreadPool]: Acquiring new bigquery connection 'list_bootcamp-project-pea-pme_silver'
[0m01:36:17.186153 [debug] [ThreadPool]: Opening a new connection, currently in state init
[0m01:36:35.499920 [debug] [MainThread]: Sending event: {'category': 'dbt', 'action': 'runnable_timing', 'label': '479056a1-784f-4c63-8df9-ef3f4a9c3e9a', 'context': [<snowplow_tracker.self_describing_json.SelfDescribingJson object at 0x7085ee9b2810>]}
[0m01:36:35.502847 [debug] [MainThread]: Opening a new connection, currently in state init
[0m01:36:35.516011 [debug] [Thread-1 (]: Began running node test.pea_pme_pulse.source_not_null_bronze_yfinance_ohlcv_Close.fe9d680917
[0m01:36:35.516816 [debug] [Thread-2 (]: Began running node test.pea_pme_pulse.source_not_null_bronze_yfinance_ohlcv_Date.401800b84c
[0m01:36:35.517504 [debug] [Thread-3 (]: Began running node test.pea_pme_pulse.source_not_null_bronze_yfinance_ohlcv_isin.01c087a776
[0m01:36:35.519679 [info ] [Thread-1 (]: 1 of 3 START test source_not_null_bronze_yfinance_ohlcv_Close .................. [RUN]
[0m01:36:35.522742 [info ] [Thread-2 (]: 2 of 3 START test source_not_null_bronze_yfinance_ohlcv_Date ................... [RUN]
[0m01:36:35.525681 [info ] [Thread-3 (]: 3 of 3 START test source_not_null_bronze_yfinance_ohlcv_isin ................... [RUN]
[0m01:36:35.528665 [debug] [Thread-1 (]: Re-using an available connection from the pool (formerly list_bootcamp-project-pea-pme_silver, now test.pea_pme_pulse.source_not_null_bronze_yfinance_ohlcv_Close.fe9d680917)
[0m01:36:35.532015 [debug] [Thread-2 (]: Acquiring new bigquery connection 'test.pea_pme_pulse.source_not_null_bronze_yfinance_ohlcv_Date.401800b84c'
[0m01:36:35.536762 [debug] [Thread-3 (]: Acquiring new bigquery connection 'test.pea_pme_pulse.source_not_null_bronze_yfinance_ohlcv_isin.01c087a776'
[0m01:36:35.540264 [debug] [Thread-1 (]: Began compiling node test.pea_pme_pulse.source_not_null_bronze_yfinance_ohlcv_Close.fe9d680917
[0m01:36:35.542802 [debug] [Thread-2 (]: Began compiling node test.pea_pme_pulse.source_not_null_bronze_yfinance_ohlcv_Date.401800b84c
[0m01:36:35.545488 [debug] [Thread-3 (]: Began compiling node test.pea_pme_pulse.source_not_null_bronze_yfinance_ohlcv_isin.01c087a776
[0m01:36:35.562150 [debug] [Thread-1 (]: Writing injected SQL for node "test.pea_pme_pulse.source_not_null_bronze_yfinance_ohlcv_Close.fe9d680917"
[0m01:36:35.567647 [debug] [Thread-2 (]: Writing injected SQL for node "test.pea_pme_pulse.source_not_null_bronze_yfinance_ohlcv_Date.401800b84c"
[0m01:36:35.575913 [debug] [Thread-3 (]: Writing injected SQL for node "test.pea_pme_pulse.source_not_null_bronze_yfinance_ohlcv_isin.01c087a776"
[0m01:36:35.608968 [debug] [Thread-1 (]: Began executing node test.pea_pme_pulse.source_not_null_bronze_yfinance_ohlcv_Close.fe9d680917
[0m01:36:35.609706 [debug] [Thread-2 (]: Began executing node test.pea_pme_pulse.source_not_null_bronze_yfinance_ohlcv_Date.401800b84c
[0m01:36:35.616151 [debug] [Thread-3 (]: Began executing node test.pea_pme_pulse.source_not_null_bronze_yfinance_ohlcv_isin.01c087a776
[0m01:36:35.634301 [debug] [Thread-1 (]: Writing runtime sql for node "test.pea_pme_pulse.source_not_null_bronze_yfinance_ohlcv_Close.fe9d680917"
[0m01:36:35.637007 [debug] [Thread-2 (]: Writing runtime sql for node "test.pea_pme_pulse.source_not_null_bronze_yfinance_ohlcv_Date.401800b84c"
[0m01:36:35.641111 [debug] [Thread-3 (]: Writing runtime sql for node "test.pea_pme_pulse.source_not_null_bronze_yfinance_ohlcv_isin.01c087a776"
[0m01:36:35.662004 [debug] [Thread-3 (]: On test.pea_pme_pulse.source_not_null_bronze_yfinance_ohlcv_isin.01c087a776: /* {"app": "dbt", "dbt_version": "1.11.7", "profile_name": "pea_pme_pulse", "target_name": "dev", "node_id": "test.pea_pme_pulse.source_not_null_bronze_yfinance_ohlcv_isin.01c087a776"} */

    
    select
      count(*) as failures,
      count(*) != 0 as should_warn,
      count(*) != 0 as should_error
    from (
      
    
  
    
    



select isin
from `bootcamp-project-pea-pme`.`bronze`.`yfinance_ohlcv`
where isin is null



  
  
      
    ) dbt_internal_test
[0m01:36:35.663443 [debug] [Thread-1 (]: On test.pea_pme_pulse.source_not_null_bronze_yfinance_ohlcv_Close.fe9d680917: /* {"app": "dbt", "dbt_version": "1.11.7", "profile_name": "pea_pme_pulse", "target_name": "dev", "node_id": "test.pea_pme_pulse.source_not_null_bronze_yfinance_ohlcv_Close.fe9d680917"} */

    
    select
      count(*) as failures,
      count(*) != 0 as should_warn,
      count(*) != 0 as should_error
    from (
      
    
  
    
    



select Close
from `bootcamp-project-pea-pme`.`bronze`.`yfinance_ohlcv`
where Close is null



  
  
      
    ) dbt_internal_test
[0m01:36:35.664234 [debug] [Thread-3 (]: Opening a new connection, currently in state init
[0m01:36:35.666027 [debug] [Thread-1 (]: Opening a new connection, currently in state closed
[0m01:36:35.669067 [debug] [Thread-2 (]: On test.pea_pme_pulse.source_not_null_bronze_yfinance_ohlcv_Date.401800b84c: /* {"app": "dbt", "dbt_version": "1.11.7", "profile_name": "pea_pme_pulse", "target_name": "dev", "node_id": "test.pea_pme_pulse.source_not_null_bronze_yfinance_ohlcv_Date.401800b84c"} */

    
    select
      count(*) as failures,
      count(*) != 0 as should_warn,
      count(*) != 0 as should_error
    from (
      
    
  
    
    



select Date
from `bootcamp-project-pea-pme`.`bronze`.`yfinance_ohlcv`
where Date is null



  
  
      
    ) dbt_internal_test
[0m01:36:35.673390 [debug] [Thread-2 (]: Opening a new connection, currently in state init
[0m01:36:36.641299 [debug] [Thread-3 (]: BigQuery adapter: https://console.cloud.google.com/bigquery?project=bootcamp-project-pea-pme&j=bq:EU:9990a0bd-caf2-4930-b4d6-489e560dfac4&page=queryresults
[0m01:36:36.648639 [debug] [Thread-2 (]: BigQuery adapter: https://console.cloud.google.com/bigquery?project=bootcamp-project-pea-pme&j=bq:EU:62bed8f8-07d2-41be-a3d7-744070a262a9&page=queryresults
[0m01:36:36.739780 [debug] [Thread-1 (]: BigQuery adapter: https://console.cloud.google.com/bigquery?project=bootcamp-project-pea-pme&j=bq:EU:26a213b4-c41d-408c-8514-3d213822f3bb&page=queryresults
[0m01:36:36.836408 [debug] [Thread-2 (]: SQL status: OK in 0.185 seconds
[0m01:36:36.845141 [debug] [Thread-3 (]: SQL status: OK in 0.199 seconds
[0m01:36:36.884709 [debug] [Thread-1 (]: SQL status: OK in 0.141 seconds
[0m01:36:37.171926 [info ] [Thread-2 (]: 2 of 3 PASS source_not_null_bronze_yfinance_ohlcv_Date ......................... [[32mPASS[0m in 1.64s]
[0m01:36:37.175621 [debug] [Thread-2 (]: Finished running node test.pea_pme_pulse.source_not_null_bronze_yfinance_ohlcv_Date.401800b84c
[0m01:36:37.181366 [info ] [Thread-1 (]: 1 of 3 PASS source_not_null_bronze_yfinance_ohlcv_Close ........................ [[32mPASS[0m in 1.65s]
[0m01:36:37.187730 [debug] [Thread-1 (]: Finished running node test.pea_pme_pulse.source_not_null_bronze_yfinance_ohlcv_Close.fe9d680917
[0m01:36:37.211800 [info ] [Thread-3 (]: 3 of 3 PASS source_not_null_bronze_yfinance_ohlcv_isin ......................... [[32mPASS[0m in 1.68s]
[0m01:36:37.215692 [debug] [Thread-3 (]: Finished running node test.pea_pme_pulse.source_not_null_bronze_yfinance_ohlcv_isin.01c087a776
[0m01:36:37.221798 [debug] [MainThread]: Opening a new connection, currently in state closed
[0m01:36:37.224808 [debug] [MainThread]: Connection 'master' was properly closed.
[0m01:36:37.226901 [debug] [MainThread]: Connection 'test.pea_pme_pulse.source_not_null_bronze_yfinance_ohlcv_Close.fe9d680917' was properly closed.
[0m01:36:37.229442 [debug] [MainThread]: Connection 'test.pea_pme_pulse.source_not_null_bronze_yfinance_ohlcv_Date.401800b84c' was properly closed.
[0m01:36:37.233365 [debug] [MainThread]: Connection 'test.pea_pme_pulse.source_not_null_bronze_yfinance_ohlcv_isin.01c087a776' was properly closed.
[0m01:36:37.235876 [info ] [MainThread]: 
[0m01:36:37.240028 [info ] [MainThread]: Finished running 3 data tests in 0 hours 0 minutes and 20.06 seconds (20.06s).
[0m01:36:37.244480 [debug] [MainThread]: Command end result
[0m01:36:37.322945 [debug] [MainThread]: Wrote artifact WritableManifest to /mnt/c/Users/mathi/Documents/pea-pme-pulse/dbt/target/manifest.json
[0m01:36:37.335011 [debug] [MainThread]: Wrote artifact SemanticManifest to /mnt/c/Users/mathi/Documents/pea-pme-pulse/dbt/target/semantic_manifest.json
[0m01:36:37.356714 [debug] [MainThread]: Wrote artifact RunExecutionResult to /mnt/c/Users/mathi/Documents/pea-pme-pulse/dbt/target/run_results.json
[0m01:36:37.358601 [info ] [MainThread]: 
[0m01:36:37.360827 [info ] [MainThread]: [32mCompleted successfully[0m
[0m01:36:37.364561 [info ] [MainThread]: 
[0m01:36:37.366613 [info ] [MainThread]: Done. PASS=3 WARN=0 ERROR=0 SKIP=0 NO-OP=0 TOTAL=3
[0m01:36:37.369525 [debug] [MainThread]: Resource report: {"command_name": "test", "command_success": true, "command_wall_clock_time": 25.108036, "process_in_blocks": "20200", "process_kernel_time": 0.951419, "process_mem_max_rss": "320040", "process_out_blocks": "0", "process_user_time": 8.142109}
[0m01:36:37.378154 [debug] [MainThread]: Command `dbt test` succeeded at 01:36:37.377841 after 25.12 seconds
[0m01:36:37.380257 [debug] [MainThread]: Sending event: {'category': 'dbt', 'action': 'invocation', 'label': 'end', 'context': [<snowplow_tracker.self_describing_json.SelfDescribingJson object at 0x708616b8f790>, <snowplow_tracker.self_describing_json.SelfDescribingJson object at 0x708616d06350>, <snowplow_tracker.self_describing_json.SelfDescribingJson object at 0x70861c9ae650>]}
[0m01:36:37.382609 [debug] [MainThread]: Flushing usage events
[0m01:36:37.810881 [debug] [MainThread]: An error was encountered while trying to flush usage events
[0m01:39:19.366390 [debug] [MainThread]: Sending event: {'category': 'dbt', 'action': 'invocation', 'label': 'start', 'context': [<snowplow_tracker.self_describing_json.SelfDescribingJson object at 0x7d9144d359d0>, <snowplow_tracker.self_describing_json.SelfDescribingJson object at 0x7d9144fd3610>, <snowplow_tracker.self_describing_json.SelfDescribingJson object at 0x7d9144eaf890>]}


============================== 01:39:19.371825 | 56e8cec7-29de-4131-805b-c9a657e44039 ==============================
[0m01:39:19.371825 [info ] [MainThread]: Running with dbt=1.11.7
[0m01:39:19.374858 [debug] [MainThread]: running dbt with arguments {'printer_width': '80', 'log_cache_events': 'False', 'log_path': '/mnt/c/Users/mathi/Documents/pea-pme-pulse/dbt/logs', 'debug': 'False', 'write_json': 'True', 'warn_error': 'None', 'send_anonymous_usage_stats': 'True', 'use_experimental_parser': 'False', 'introspect': 'True', 'log_format': 'default', 'static_parser': 'True', 'warn_error_options': 'WarnErrorOptionsV2(error=[], warn=[], silence=[])', 'invocation_command': 'dbt docs generate', 'fail_fast': 'False', 'partial_parse': 'True', 'cache_selected_only': 'False', 'indirect_selection': 'eager', 'empty': 'None', 'target_path': 'None', 'no_print': 'None', 'version_check': 'True', 'profiles_dir': '/home/mathias/.dbt', 'quiet': 'False', 'use_colors': 'True'}
[0m01:39:21.563490 [debug] [MainThread]: Sending event: {'category': 'dbt', 'action': 'project_id', 'label': '56e8cec7-29de-4131-805b-c9a657e44039', 'context': [<snowplow_tracker.self_describing_json.SelfDescribingJson object at 0x7d911d366810>]}
[0m01:39:21.649420 [debug] [MainThread]: Sending event: {'category': 'dbt', 'action': 'adapter_info', 'label': '56e8cec7-29de-4131-805b-c9a657e44039', 'context': [<snowplow_tracker.self_describing_json.SelfDescribingJson object at 0x7d9147856d10>]}
[0m01:39:21.652245 [info ] [MainThread]: Registered adapter: bigquery=1.11.1
[0m01:39:21.836295 [debug] [MainThread]: checksum: b80718358155fc17c3559352095564dd56ada1cc1a1c0ef2e62c857e71583775, vars: {}, profile: , target: , version: 1.11.7
[0m01:39:22.051750 [debug] [MainThread]: Partial parsing enabled: 0 files deleted, 0 files added, 0 files changed.
[0m01:39:22.053900 [debug] [MainThread]: Nothing changed, skipping partial parsing.
[0m01:39:22.055687 [debug] [MainThread]: Partial parsing enabled, no changes found, skipping parsing
[0m01:39:22.063137 [warn ] [MainThread]: [[33mWARNING[0m]: Configuration paths exist in your dbt_project.yml file which do not apply to any resources.
There are 1 unused configuration paths:
- models.pea_pme_pulse.gold
[0m01:39:22.115024 [debug] [MainThread]: Sending event: {'category': 'dbt', 'action': 'load_project', 'label': '56e8cec7-29de-4131-805b-c9a657e44039', 'context': [<snowplow_tracker.self_describing_json.SelfDescribingJson object at 0x7d911d2ad1d0>]}
[0m01:39:22.195676 [debug] [MainThread]: Sending event: {'category': 'dbt', 'action': 'resource_counts', 'label': '56e8cec7-29de-4131-805b-c9a657e44039', 'context': [<snowplow_tracker.self_describing_json.SelfDescribingJson object at 0x7d911ceaa710>]}
[0m01:39:22.197909 [info ] [MainThread]: Found 1 model, 9 data tests, 3 sources, 540 macros
[0m01:39:22.199661 [debug] [MainThread]: Sending event: {'category': 'dbt', 'action': 'runnable_timing', 'label': '56e8cec7-29de-4131-805b-c9a657e44039', 'context': [<snowplow_tracker.self_describing_json.SelfDescribingJson object at 0x7d911d25ded0>]}
[0m01:39:22.203062 [info ] [MainThread]: 
[0m01:39:22.205183 [info ] [MainThread]: Concurrency: 4 threads (target='dev')
[0m01:39:22.207158 [info ] [MainThread]: 
[0m01:39:22.210732 [debug] [MainThread]: Acquiring new bigquery connection 'master'
[0m01:39:22.214331 [debug] [ThreadPool]: Acquiring new bigquery connection 'list_bootcamp-project-pea-pme_silver'
[0m01:39:22.216908 [debug] [ThreadPool]: Opening a new connection, currently in state init
[0m01:39:40.925049 [debug] [MainThread]: Sending event: {'category': 'dbt', 'action': 'runnable_timing', 'label': '56e8cec7-29de-4131-805b-c9a657e44039', 'context': [<snowplow_tracker.self_describing_json.SelfDescribingJson object at 0x7d911d25ded0>]}
[0m01:39:40.929466 [debug] [MainThread]: Opening a new connection, currently in state init
[0m01:39:40.944312 [debug] [Thread-1 (]: Began running node model.pea_pme_pulse.rss_articles
[0m01:39:40.945888 [debug] [Thread-2 (]: Began running node test.pea_pme_pulse.source_not_null_bronze_yfinance_ohlcv_Close.fe9d680917
[0m01:39:40.947285 [debug] [Thread-3 (]: Began running node test.pea_pme_pulse.source_not_null_bronze_yfinance_ohlcv_Date.401800b84c
[0m01:39:40.948676 [debug] [Thread-4 (]: Began running node test.pea_pme_pulse.source_not_null_bronze_yfinance_ohlcv_isin.01c087a776
[0m01:39:40.951272 [debug] [Thread-1 (]: Re-using an available connection from the pool (formerly list_bootcamp-project-pea-pme_silver, now model.pea_pme_pulse.rss_articles)
[0m01:39:40.955520 [debug] [Thread-2 (]: Acquiring new bigquery connection 'test.pea_pme_pulse.source_not_null_bronze_yfinance_ohlcv_Close.fe9d680917'
[0m01:39:40.959427 [debug] [Thread-3 (]: Acquiring new bigquery connection 'test.pea_pme_pulse.source_not_null_bronze_yfinance_ohlcv_Date.401800b84c'
[0m01:39:40.963405 [debug] [Thread-4 (]: Acquiring new bigquery connection 'test.pea_pme_pulse.source_not_null_bronze_yfinance_ohlcv_isin.01c087a776'
[0m01:39:40.967065 [debug] [Thread-1 (]: Began compiling node model.pea_pme_pulse.rss_articles
[0m01:39:40.969501 [debug] [Thread-2 (]: Began compiling node test.pea_pme_pulse.source_not_null_bronze_yfinance_ohlcv_Close.fe9d680917
[0m01:39:40.971612 [debug] [Thread-3 (]: Began compiling node test.pea_pme_pulse.source_not_null_bronze_yfinance_ohlcv_Date.401800b84c
[0m01:39:40.974074 [debug] [Thread-4 (]: Began compiling node test.pea_pme_pulse.source_not_null_bronze_yfinance_ohlcv_isin.01c087a776
[0m01:39:40.995395 [debug] [Thread-1 (]: Writing injected SQL for node "model.pea_pme_pulse.rss_articles"
[0m01:39:41.007538 [debug] [Thread-2 (]: Writing injected SQL for node "test.pea_pme_pulse.source_not_null_bronze_yfinance_ohlcv_Close.fe9d680917"
[0m01:39:41.016698 [debug] [Thread-3 (]: Writing injected SQL for node "test.pea_pme_pulse.source_not_null_bronze_yfinance_ohlcv_Date.401800b84c"
[0m01:39:41.022258 [debug] [Thread-4 (]: Writing injected SQL for node "test.pea_pme_pulse.source_not_null_bronze_yfinance_ohlcv_isin.01c087a776"
[0m01:39:41.039843 [debug] [Thread-4 (]: Began executing node test.pea_pme_pulse.source_not_null_bronze_yfinance_ohlcv_isin.01c087a776
[0m01:39:41.040573 [debug] [Thread-3 (]: Began executing node test.pea_pme_pulse.source_not_null_bronze_yfinance_ohlcv_Date.401800b84c
[0m01:39:41.042091 [debug] [Thread-2 (]: Began executing node test.pea_pme_pulse.source_not_null_bronze_yfinance_ohlcv_Close.fe9d680917
[0m01:39:41.042824 [debug] [Thread-4 (]: Opening a new connection, currently in state init
[0m01:39:41.045070 [debug] [Thread-3 (]: Opening a new connection, currently in state init
[0m01:39:41.047205 [debug] [Thread-2 (]: Opening a new connection, currently in state init
[0m01:39:41.048514 [debug] [Thread-1 (]: Began executing node model.pea_pme_pulse.rss_articles
[0m01:39:41.050256 [debug] [Thread-4 (]: Finished running node test.pea_pme_pulse.source_not_null_bronze_yfinance_ohlcv_isin.01c087a776
[0m01:39:41.053111 [debug] [Thread-3 (]: Finished running node test.pea_pme_pulse.source_not_null_bronze_yfinance_ohlcv_Date.401800b84c
[0m01:39:41.056261 [debug] [Thread-2 (]: Finished running node test.pea_pme_pulse.source_not_null_bronze_yfinance_ohlcv_Close.fe9d680917
[0m01:39:41.058788 [debug] [Thread-1 (]: Opening a new connection, currently in state closed
[0m01:39:41.065490 [debug] [Thread-1 (]: Finished running node model.pea_pme_pulse.rss_articles
[0m01:39:41.068683 [debug] [Thread-4 (]: Began running node test.pea_pme_pulse.accepted_values_rss_articles_source__yahoo_rss__google_news_rss.1a9577b5fe
[0m01:39:41.069199 [debug] [Thread-3 (]: Began running node test.pea_pme_pulse.not_null_rss_articles_isin.77f5f6c43e
[0m01:39:41.069691 [debug] [Thread-2 (]: Began running node test.pea_pme_pulse.not_null_rss_articles_row_id.aa0a7d1131
[0m01:39:41.070217 [debug] [Thread-1 (]: Began running node test.pea_pme_pulse.not_null_rss_articles_source.0c193dabee
[0m01:39:41.071395 [debug] [Thread-4 (]: Re-using an available connection from the pool (formerly test.pea_pme_pulse.source_not_null_bronze_yfinance_ohlcv_isin.01c087a776, now test.pea_pme_pulse.accepted_values_rss_articles_source__yahoo_rss__google_news_rss.1a9577b5fe)
[0m01:39:41.072604 [debug] [Thread-3 (]: Re-using an available connection from the pool (formerly test.pea_pme_pulse.source_not_null_bronze_yfinance_ohlcv_Date.401800b84c, now test.pea_pme_pulse.not_null_rss_articles_isin.77f5f6c43e)
[0m01:39:41.073973 [debug] [Thread-2 (]: Re-using an available connection from the pool (formerly test.pea_pme_pulse.source_not_null_bronze_yfinance_ohlcv_Close.fe9d680917, now test.pea_pme_pulse.not_null_rss_articles_row_id.aa0a7d1131)
[0m01:39:41.075548 [debug] [Thread-1 (]: Re-using an available connection from the pool (formerly model.pea_pme_pulse.rss_articles, now test.pea_pme_pulse.not_null_rss_articles_source.0c193dabee)
[0m01:39:41.076952 [debug] [Thread-4 (]: Began compiling node test.pea_pme_pulse.accepted_values_rss_articles_source__yahoo_rss__google_news_rss.1a9577b5fe
[0m01:39:41.078393 [debug] [Thread-3 (]: Began compiling node test.pea_pme_pulse.not_null_rss_articles_isin.77f5f6c43e
[0m01:39:41.079813 [debug] [Thread-2 (]: Began compiling node test.pea_pme_pulse.not_null_rss_articles_row_id.aa0a7d1131
[0m01:39:41.080948 [debug] [Thread-1 (]: Began compiling node test.pea_pme_pulse.not_null_rss_articles_source.0c193dabee
[0m01:39:41.090995 [debug] [Thread-4 (]: Writing injected SQL for node "test.pea_pme_pulse.accepted_values_rss_articles_source__yahoo_rss__google_news_rss.1a9577b5fe"
[0m01:39:41.096272 [debug] [Thread-3 (]: Writing injected SQL for node "test.pea_pme_pulse.not_null_rss_articles_isin.77f5f6c43e"
[0m01:39:41.102315 [debug] [Thread-2 (]: Writing injected SQL for node "test.pea_pme_pulse.not_null_rss_articles_row_id.aa0a7d1131"
[0m01:39:41.108407 [debug] [Thread-1 (]: Writing injected SQL for node "test.pea_pme_pulse.not_null_rss_articles_source.0c193dabee"
[0m01:39:41.135868 [debug] [Thread-2 (]: Began executing node test.pea_pme_pulse.not_null_rss_articles_row_id.aa0a7d1131
[0m01:39:41.136857 [debug] [Thread-3 (]: Began executing node test.pea_pme_pulse.not_null_rss_articles_isin.77f5f6c43e
[0m01:39:41.138436 [debug] [Thread-1 (]: Began executing node test.pea_pme_pulse.not_null_rss_articles_source.0c193dabee
[0m01:39:41.139065 [debug] [Thread-2 (]: Opening a new connection, currently in state closed
[0m01:39:41.140657 [debug] [Thread-3 (]: Opening a new connection, currently in state closed
[0m01:39:41.141726 [debug] [Thread-4 (]: Began executing node test.pea_pme_pulse.accepted_values_rss_articles_source__yahoo_rss__google_news_rss.1a9577b5fe
[0m01:39:41.142580 [debug] [Thread-1 (]: Opening a new connection, currently in state closed
[0m01:39:41.144615 [debug] [Thread-2 (]: Finished running node test.pea_pme_pulse.not_null_rss_articles_row_id.aa0a7d1131
[0m01:39:41.146523 [debug] [Thread-3 (]: Finished running node test.pea_pme_pulse.not_null_rss_articles_isin.77f5f6c43e
[0m01:39:41.147794 [debug] [Thread-4 (]: Opening a new connection, currently in state closed
[0m01:39:41.149697 [debug] [Thread-1 (]: Finished running node test.pea_pme_pulse.not_null_rss_articles_source.0c193dabee
[0m01:39:41.150963 [debug] [Thread-2 (]: Began running node test.pea_pme_pulse.not_null_rss_articles_title.434002fe7c
[0m01:39:41.152174 [debug] [Thread-3 (]: Began running node test.pea_pme_pulse.unique_rss_articles_row_id.4b25615d28
[0m01:39:41.153872 [debug] [Thread-4 (]: Finished running node test.pea_pme_pulse.accepted_values_rss_articles_source__yahoo_rss__google_news_rss.1a9577b5fe
[0m01:39:41.155881 [debug] [Thread-2 (]: Re-using an available connection from the pool (formerly test.pea_pme_pulse.not_null_rss_articles_row_id.aa0a7d1131, now test.pea_pme_pulse.not_null_rss_articles_title.434002fe7c)
[0m01:39:41.157122 [debug] [Thread-3 (]: Re-using an available connection from the pool (formerly test.pea_pme_pulse.not_null_rss_articles_isin.77f5f6c43e, now test.pea_pme_pulse.unique_rss_articles_row_id.4b25615d28)
[0m01:39:41.159251 [debug] [Thread-2 (]: Began compiling node test.pea_pme_pulse.not_null_rss_articles_title.434002fe7c
[0m01:39:41.160474 [debug] [Thread-3 (]: Began compiling node test.pea_pme_pulse.unique_rss_articles_row_id.4b25615d28
[0m01:39:41.165495 [debug] [Thread-2 (]: Writing injected SQL for node "test.pea_pme_pulse.not_null_rss_articles_title.434002fe7c"
[0m01:39:41.173023 [debug] [Thread-3 (]: Writing injected SQL for node "test.pea_pme_pulse.unique_rss_articles_row_id.4b25615d28"
[0m01:39:41.187484 [debug] [Thread-2 (]: Began executing node test.pea_pme_pulse.not_null_rss_articles_title.434002fe7c
[0m01:39:41.188925 [debug] [Thread-2 (]: Opening a new connection, currently in state closed
[0m01:39:41.189731 [debug] [Thread-3 (]: Began executing node test.pea_pme_pulse.unique_rss_articles_row_id.4b25615d28
[0m01:39:41.191016 [debug] [Thread-2 (]: Finished running node test.pea_pme_pulse.not_null_rss_articles_title.434002fe7c
[0m01:39:41.192525 [debug] [Thread-3 (]: Opening a new connection, currently in state closed
[0m01:39:41.194904 [debug] [Thread-3 (]: Finished running node test.pea_pme_pulse.unique_rss_articles_row_id.4b25615d28
[0m01:39:41.197513 [debug] [MainThread]: Connection 'master' was properly closed.
[0m01:39:41.198585 [debug] [MainThread]: Connection 'test.pea_pme_pulse.not_null_rss_articles_source.0c193dabee' was properly closed.
[0m01:39:41.199621 [debug] [MainThread]: Connection 'test.pea_pme_pulse.not_null_rss_articles_title.434002fe7c' was properly closed.
[0m01:39:41.200573 [debug] [MainThread]: Connection 'test.pea_pme_pulse.unique_rss_articles_row_id.4b25615d28' was properly closed.
[0m01:39:41.201442 [debug] [MainThread]: Connection 'test.pea_pme_pulse.accepted_values_rss_articles_source__yahoo_rss__google_news_rss.1a9577b5fe' was properly closed.
[0m01:39:41.203627 [debug] [MainThread]: Command end result
[0m01:39:41.355011 [debug] [MainThread]: Wrote artifact WritableManifest to /mnt/c/Users/mathi/Documents/pea-pme-pulse/dbt/target/manifest.json
[0m01:39:41.368746 [debug] [MainThread]: Wrote artifact SemanticManifest to /mnt/c/Users/mathi/Documents/pea-pme-pulse/dbt/target/semantic_manifest.json
[0m01:39:41.392123 [debug] [MainThread]: Wrote artifact RunExecutionResult to /mnt/c/Users/mathi/Documents/pea-pme-pulse/dbt/target/run_results.json
[0m01:39:41.754180 [debug] [MainThread]: Acquiring new bigquery connection 'generate_catalog'
[0m01:39:41.756721 [info ] [MainThread]: Building catalog
[0m01:39:41.768623 [debug] [ThreadPool]: Acquiring new bigquery connection 'bootcamp-project-pea-pme.information_schema'
[0m01:39:41.769834 [debug] [ThreadPool]: Acquiring new bigquery connection 'bootcamp-project-pea-pme.information_schema'
[0m01:39:41.802912 [debug] [ThreadPool]: On bootcamp-project-pea-pme.information_schema: /* {"app": "dbt", "dbt_version": "1.11.7", "profile_name": "pea_pme_pulse", "target_name": "dev", "connection_name": "bootcamp-project-pea-pme.information_schema"} */

    with
                table_shards_stage as (
    select
        tables.project_id as table_catalog,
        tables.dataset_id as table_schema,
        coalesce(REGEXP_EXTRACT(tables.table_id, '^(.+)[0-9]{8}$'), tables.table_id) as table_name,
        tables.table_id as shard_name,
        REGEXP_EXTRACT(tables.table_id, '^.+([0-9]{8})$') as shard_index,
        REGEXP_CONTAINS(tables.table_id, '^.+[0-9]{8}$') and tables.type = 1 as is_date_shard,
        case
            when materialized_views.table_name is not null then 'materialized view'
            when tables.type = 1 then 'table'
            when tables.type = 2 then 'view'
            else 'external'
        end as table_type,
        tables.type = 1 as is_table,
        JSON_VALUE(table_description.option_value) as table_comment,
        tables.size_bytes,
        tables.row_count
    from `bootcamp-project-pea-pme`.`silver`.__TABLES__ tables
    left join `bootcamp-project-pea-pme`.`silver`.INFORMATION_SCHEMA.MATERIALIZED_VIEWS materialized_views
        on materialized_views.table_catalog = tables.project_id
        and materialized_views.table_schema = tables.dataset_id
        and materialized_views.table_name = tables.table_id
    left join `bootcamp-project-pea-pme`.`silver`.INFORMATION_SCHEMA.TABLE_OPTIONS table_description
        on table_description.table_catalog = tables.project_id
        and table_description.table_schema = tables.dataset_id
        and table_description.table_name = tables.table_id
        and table_description.option_name = 'description'
),
                table_shards as (
                    select * from table_shards_stage
                    where ((
                                upper(table_schema) = upper('silver')
                            and upper(table_name) = upper('rss_articles')
                            ))
                ),
                tables as (
    select distinct
        table_catalog,
        table_schema,
        table_name,
        is_date_shard,
        table_type,
        is_table,
        table_comment
    from table_shards
),
                table_stats as (
    select
        table_catalog,
        table_schema,
        table_name,
        max(shard_name) as latest_shard_name,
        min(shard_index) as shard_min,
        max(shard_index) as shard_max,
        count(shard_index) as shard_count,
        sum(size_bytes) as size_bytes,
        sum(row_count) as row_count
    from table_shards
    group by 1, 2, 3
),

                columns as (
    select
        columns.table_catalog,
        columns.table_schema,
        columns.table_name as shard_name,
        coalesce(paths.field_path, '<unknown>') as column_name,
        -- invent a row number to account for nested fields
        -- BQ does not treat these nested properties as independent fields
        row_number() over (
            partition by
                columns.table_catalog,
                columns.table_schema,
                columns.table_name
            order by
                columns.ordinal_position,
                paths.field_path
        ) as column_index,
        coalesce(paths.data_type, '<unknown>') as column_type,
        paths.description as column_comment,
        case when columns.is_partitioning_column = 'YES' then 1 else 0 end as is_partitioning_column,
        case when columns.is_partitioning_column = 'YES' then paths.field_path end as partition_column,
        case when columns.clustering_ordinal_position is not null then 1 else 0 end as is_clustering_column,
        case when columns.clustering_ordinal_position is not null then paths.field_path end as cluster_column,
        columns.clustering_ordinal_position
    from `bootcamp-project-pea-pme`.`silver`.INFORMATION_SCHEMA.COLUMNS columns
    join `bootcamp-project-pea-pme`.`silver`.INFORMATION_SCHEMA.COLUMN_FIELD_PATHS paths
        on paths.table_catalog = columns.table_catalog
        and paths.table_schema = columns.table_schema
        and paths.table_name = columns.table_name
        and paths.column_name = columns.column_name
    where columns.ordinal_position is not null
),
                column_stats as (
    select
        table_catalog,
        table_schema,
        shard_name,
        max(is_partitioning_column) = 1 as is_partitioned,
        max(partition_column) as partition_column,
        max(is_clustering_column) = 1 as is_clustered,
        array_to_string(
            array_agg(
                cluster_column ignore nulls
                order by clustering_ordinal_position
            ), ', '
        ) as clustering_columns
    from columns
    group by 1, 2, 3
)

            
    select
        tables.table_catalog as table_database,
        tables.table_schema,
        case
            when tables.is_date_shard then concat(tables.table_name, '*')
            else tables.table_name
        end as table_name,
        tables.table_type,
        tables.table_comment,
        -- coalesce column metadata fields to ensure they are non-null for catalog generation
        -- external table columns are not present in COLUMN_FIELD_PATHS
        coalesce(columns.column_name, '<unknown>') as column_name,
        coalesce(columns.column_index, 1) as column_index,
        coalesce(columns.column_type, '<unknown>') as column_type,
        coalesce(columns.column_comment, '') as column_comment,

        'Shard count' as `stats__date_shards__label`,
        table_stats.shard_count as `stats__date_shards__value`,
        'The number of date shards in this table' as `stats__date_shards__description`,
        tables.is_date_shard as `stats__date_shards__include`,

        'Shard (min)' as `stats__date_shard_min__label`,
        table_stats.shard_min as `stats__date_shard_min__value`,
        'The first date shard in this table' as `stats__date_shard_min__description`,
        tables.is_date_shard as `stats__date_shard_min__include`,

        'Shard (max)' as `stats__date_shard_max__label`,
        table_stats.shard_max as `stats__date_shard_max__value`,
        'The last date shard in this table' as `stats__date_shard_max__description`,
        tables.is_date_shard as `stats__date_shard_max__include`,

        '# Rows' as `stats__num_rows__label`,
        table_stats.row_count as `stats__num_rows__value`,
        'Approximate count of rows in this table' as `stats__num_rows__description`,
        tables.is_table as `stats__num_rows__include`,

        'Approximate Size' as `stats__num_bytes__label`,
        table_stats.size_bytes as `stats__num_bytes__value`,
        'Approximate size of table as reported by BigQuery' as `stats__num_bytes__description`,
        tables.is_table as `stats__num_bytes__include`,

        'Partitioned By' as `stats__partitioning_type__label`,
        column_stats.partition_column as `stats__partitioning_type__value`,
        'The partitioning column for this table' as `stats__partitioning_type__description`,
        column_stats.is_partitioned as `stats__partitioning_type__include`,

        'Clustered By' as `stats__clustering_fields__label`,
        column_stats.clustering_columns as `stats__clustering_fields__value`,
        'The clustering columns for this table' as `stats__clustering_fields__description`,
        column_stats.is_clustered as `stats__clustering_fields__include`

    from tables
    join table_stats
        on table_stats.table_catalog = tables.table_catalog
        and table_stats.table_schema = tables.table_schema
        and table_stats.table_name = tables.table_name
    left join column_stats
        on column_stats.table_catalog = tables.table_catalog
        and column_stats.table_schema = tables.table_schema
        and column_stats.shard_name = table_stats.latest_shard_name
    left join columns
        on columns.table_catalog = tables.table_catalog
        and columns.table_schema = tables.table_schema
        and columns.shard_name = table_stats.latest_shard_name

  
[0m01:39:41.810176 [debug] [ThreadPool]: On bootcamp-project-pea-pme.information_schema: /* {"app": "dbt", "dbt_version": "1.11.7", "profile_name": "pea_pme_pulse", "target_name": "dev", "connection_name": "bootcamp-project-pea-pme.information_schema"} */

    with
                table_shards_stage as (
    select
        tables.project_id as table_catalog,
        tables.dataset_id as table_schema,
        coalesce(REGEXP_EXTRACT(tables.table_id, '^(.+)[0-9]{8}$'), tables.table_id) as table_name,
        tables.table_id as shard_name,
        REGEXP_EXTRACT(tables.table_id, '^.+([0-9]{8})$') as shard_index,
        REGEXP_CONTAINS(tables.table_id, '^.+[0-9]{8}$') and tables.type = 1 as is_date_shard,
        case
            when materialized_views.table_name is not null then 'materialized view'
            when tables.type = 1 then 'table'
            when tables.type = 2 then 'view'
            else 'external'
        end as table_type,
        tables.type = 1 as is_table,
        JSON_VALUE(table_description.option_value) as table_comment,
        tables.size_bytes,
        tables.row_count
    from `bootcamp-project-pea-pme`.`bronze`.__TABLES__ tables
    left join `bootcamp-project-pea-pme`.`bronze`.INFORMATION_SCHEMA.MATERIALIZED_VIEWS materialized_views
        on materialized_views.table_catalog = tables.project_id
        and materialized_views.table_schema = tables.dataset_id
        and materialized_views.table_name = tables.table_id
    left join `bootcamp-project-pea-pme`.`bronze`.INFORMATION_SCHEMA.TABLE_OPTIONS table_description
        on table_description.table_catalog = tables.project_id
        and table_description.table_schema = tables.dataset_id
        and table_description.table_name = tables.table_id
        and table_description.option_name = 'description'
),
                table_shards as (
                    select * from table_shards_stage
                    where ((
                                upper(table_schema) = upper('bronze')
                            and upper(table_name) = upper('google_news_rss')
                            ) or (
                                upper(table_schema) = upper('bronze')
                            and upper(table_name) = upper('yahoo_rss')
                            ) or (
                                upper(table_schema) = upper('bronze')
                            and upper(table_name) = upper('yfinance_ohlcv')
                            ))
                ),
                tables as (
    select distinct
        table_catalog,
        table_schema,
        table_name,
        is_date_shard,
        table_type,
        is_table,
        table_comment
    from table_shards
),
                table_stats as (
    select
        table_catalog,
        table_schema,
        table_name,
        max(shard_name) as latest_shard_name,
        min(shard_index) as shard_min,
        max(shard_index) as shard_max,
        count(shard_index) as shard_count,
        sum(size_bytes) as size_bytes,
        sum(row_count) as row_count
    from table_shards
    group by 1, 2, 3
),

                columns as (
    select
        columns.table_catalog,
        columns.table_schema,
        columns.table_name as shard_name,
        coalesce(paths.field_path, '<unknown>') as column_name,
        -- invent a row number to account for nested fields
        -- BQ does not treat these nested properties as independent fields
        row_number() over (
            partition by
                columns.table_catalog,
                columns.table_schema,
                columns.table_name
            order by
                columns.ordinal_position,
                paths.field_path
        ) as column_index,
        coalesce(paths.data_type, '<unknown>') as column_type,
        paths.description as column_comment,
        case when columns.is_partitioning_column = 'YES' then 1 else 0 end as is_partitioning_column,
        case when columns.is_partitioning_column = 'YES' then paths.field_path end as partition_column,
        case when columns.clustering_ordinal_position is not null then 1 else 0 end as is_clustering_column,
        case when columns.clustering_ordinal_position is not null then paths.field_path end as cluster_column,
        columns.clustering_ordinal_position
    from `bootcamp-project-pea-pme`.`bronze`.INFORMATION_SCHEMA.COLUMNS columns
    join `bootcamp-project-pea-pme`.`bronze`.INFORMATION_SCHEMA.COLUMN_FIELD_PATHS paths
        on paths.table_catalog = columns.table_catalog
        and paths.table_schema = columns.table_schema
        and paths.table_name = columns.table_name
        and paths.column_name = columns.column_name
    where columns.ordinal_position is not null
),
                column_stats as (
    select
        table_catalog,
        table_schema,
        shard_name,
        max(is_partitioning_column) = 1 as is_partitioned,
        max(partition_column) as partition_column,
        max(is_clustering_column) = 1 as is_clustered,
        array_to_string(
            array_agg(
                cluster_column ignore nulls
                order by clustering_ordinal_position
            ), ', '
        ) as clustering_columns
    from columns
    group by 1, 2, 3
)

            
    select
        tables.table_catalog as table_database,
        tables.table_schema,
        case
            when tables.is_date_shard then concat(tables.table_name, '*')
            else tables.table_name
        end as table_name,
        tables.table_type,
        tables.table_comment,
        -- coalesce column metadata fields to ensure they are non-null for catalog generation
        -- external table columns are not present in COLUMN_FIELD_PATHS
        coalesce(columns.column_name, '<unknown>') as column_name,
        coalesce(columns.column_index, 1) as column_index,
        coalesce(columns.column_type, '<unknown>') as column_type,
        coalesce(columns.column_comment, '') as column_comment,

        'Shard count' as `stats__date_shards__label`,
        table_stats.shard_count as `stats__date_shards__value`,
        'The number of date shards in this table' as `stats__date_shards__description`,
        tables.is_date_shard as `stats__date_shards__include`,

        'Shard (min)' as `stats__date_shard_min__label`,
        table_stats.shard_min as `stats__date_shard_min__value`,
        'The first date shard in this table' as `stats__date_shard_min__description`,
        tables.is_date_shard as `stats__date_shard_min__include`,

        'Shard (max)' as `stats__date_shard_max__label`,
        table_stats.shard_max as `stats__date_shard_max__value`,
        'The last date shard in this table' as `stats__date_shard_max__description`,
        tables.is_date_shard as `stats__date_shard_max__include`,

        '# Rows' as `stats__num_rows__label`,
        table_stats.row_count as `stats__num_rows__value`,
        'Approximate count of rows in this table' as `stats__num_rows__description`,
        tables.is_table as `stats__num_rows__include`,

        'Approximate Size' as `stats__num_bytes__label`,
        table_stats.size_bytes as `stats__num_bytes__value`,
        'Approximate size of table as reported by BigQuery' as `stats__num_bytes__description`,
        tables.is_table as `stats__num_bytes__include`,

        'Partitioned By' as `stats__partitioning_type__label`,
        column_stats.partition_column as `stats__partitioning_type__value`,
        'The partitioning column for this table' as `stats__partitioning_type__description`,
        column_stats.is_partitioned as `stats__partitioning_type__include`,

        'Clustered By' as `stats__clustering_fields__label`,
        column_stats.clustering_columns as `stats__clustering_fields__value`,
        'The clustering columns for this table' as `stats__clustering_fields__description`,
        column_stats.is_clustered as `stats__clustering_fields__include`

    from tables
    join table_stats
        on table_stats.table_catalog = tables.table_catalog
        and table_stats.table_schema = tables.table_schema
        and table_stats.table_name = tables.table_name
    left join column_stats
        on column_stats.table_catalog = tables.table_catalog
        and column_stats.table_schema = tables.table_schema
        and column_stats.shard_name = table_stats.latest_shard_name
    left join columns
        on columns.table_catalog = tables.table_catalog
        and columns.table_schema = tables.table_schema
        and columns.shard_name = table_stats.latest_shard_name

  
[0m01:39:41.813764 [debug] [ThreadPool]: Opening a new connection, currently in state init
[0m01:39:41.818818 [debug] [ThreadPool]: Opening a new connection, currently in state init
[0m01:39:42.349057 [debug] [ThreadPool]: BigQuery adapter: https://console.cloud.google.com/bigquery?project=bootcamp-project-pea-pme&j=bq:EU:4755efd9-9b7d-456e-8e6c-50eb8ae707fd&page=queryresults
[0m01:39:42.448804 [debug] [ThreadPool]: BigQuery adapter: https://console.cloud.google.com/bigquery?project=bootcamp-project-pea-pme&j=bq:EU:b294e61d-f545-41d7-8a95-a9d2b68e18ac&page=queryresults
[0m01:39:43.529366 [debug] [ThreadPool]: SQL status: OK in 1.176 seconds
[0m01:39:43.630181 [debug] [ThreadPool]: SQL status: OK in 1.177 seconds
[0m01:39:43.960610 [debug] [MainThread]: Opening a new connection, currently in state init
[0m01:39:44.012349 [debug] [MainThread]: Wrote artifact CatalogArtifact to /mnt/c/Users/mathi/Documents/pea-pme-pulse/dbt/target/catalog.json
[0m01:39:44.094940 [debug] [MainThread]: Wrote artifact WritableManifest to /mnt/c/Users/mathi/Documents/pea-pme-pulse/dbt/target/manifest.json
[0m01:39:44.110698 [debug] [MainThread]: Wrote artifact SemanticManifest to /mnt/c/Users/mathi/Documents/pea-pme-pulse/dbt/target/semantic_manifest.json
[0m01:39:44.113255 [info ] [MainThread]: Catalog written to /mnt/c/Users/mathi/Documents/pea-pme-pulse/dbt/target/catalog.json
[0m01:39:44.115249 [debug] [MainThread]: Resource report: {"command_name": "generate", "command_success": true, "command_wall_clock_time": 24.855412, "process_in_blocks": "3424", "process_kernel_time": 0.810462, "process_mem_max_rss": "307840", "process_out_blocks": "0", "process_user_time": 6.68934}
[0m01:39:44.117528 [debug] [MainThread]: Command `dbt docs generate` succeeded at 01:39:44.117400 after 24.86 seconds
[0m01:39:44.119062 [debug] [MainThread]: Connection 'generate_catalog' was properly closed.
[0m01:39:44.121171 [debug] [MainThread]: Connection 'bootcamp-project-pea-pme.information_schema' was properly closed.
[0m01:39:44.123024 [debug] [MainThread]: Connection 'bootcamp-project-pea-pme.information_schema' was properly closed.
[0m01:39:44.126803 [debug] [MainThread]: Sending event: {'category': 'dbt', 'action': 'invocation', 'label': 'end', 'context': [<snowplow_tracker.self_describing_json.SelfDescribingJson object at 0x7d9144ec4350>, <snowplow_tracker.self_describing_json.SelfDescribingJson object at 0x7d914a56d050>, <snowplow_tracker.self_describing_json.SelfDescribingJson object at 0x7d914a5780d0>]}
[0m01:39:44.129081 [debug] [MainThread]: Flushing usage events
[0m01:39:44.553396 [debug] [MainThread]: An error was encountered while trying to flush usage events
[0m01:39:48.552112 [debug] [MainThread]: Sending event: {'category': 'dbt', 'action': 'invocation', 'label': 'start', 'context': [<snowplow_tracker.self_describing_json.SelfDescribingJson object at 0x7a7ceb947550>, <snowplow_tracker.self_describing_json.SelfDescribingJson object at 0x7a7cebbc3dd0>, <snowplow_tracker.self_describing_json.SelfDescribingJson object at 0x7a7ceb939e90>]}


============================== 01:39:48.556753 | 77a29810-867a-4d8c-99bd-59235361de99 ==============================
[0m01:39:48.556753 [info ] [MainThread]: Running with dbt=1.11.7
[0m01:39:48.558306 [debug] [MainThread]: running dbt with arguments {'log_path': '/mnt/c/Users/mathi/Documents/pea-pme-pulse/dbt/logs', 'printer_width': '80', 'log_format': 'default', 'warn_error': 'None', 'debug': 'False', 'empty': 'None', 'quiet': 'False', 'partial_parse': 'True', 'send_anonymous_usage_stats': 'True', 'introspect': 'True', 'profiles_dir': '/home/mathias/.dbt', 'fail_fast': 'False', 'use_colors': 'True', 'use_experimental_parser': 'False', 'version_check': 'True', 'no_print': 'None', 'static_parser': 'True', 'cache_selected_only': 'False', 'target_path': 'None', 'log_cache_events': 'False', 'write_json': 'True', 'warn_error_options': 'WarnErrorOptionsV2(error=[], warn=[], silence=[])', 'indirect_selection': 'eager', 'invocation_command': 'dbt docs serve'}
[0m01:39:50.736533 [debug] [MainThread]: Sending event: {'category': 'dbt', 'action': 'project_id', 'label': '77a29810-867a-4d8c-99bd-59235361de99', 'context': [<snowplow_tracker.self_describing_json.SelfDescribingJson object at 0x7a7cc40be350>]}
[0m01:39:50.838246 [debug] [MainThread]: Sending event: {'category': 'dbt', 'action': 'adapter_info', 'label': '77a29810-867a-4d8c-99bd-59235361de99', 'context': [<snowplow_tracker.self_describing_json.SelfDescribingJson object at 0x7a7cee41abd0>]}
[0m01:46:53.909308 [error] [MainThread]: Encountered an error:

[0m01:46:53.937018 [error] [MainThread]: Traceback (most recent call last):
  File "/home/mathias/.pyenv/versions/3.11.8/envs/Artefact/lib/python3.11/site-packages/dbt/cli/requires.py", line 182, in wrapper
    result, success = func(*args, **kwargs)
                      ^^^^^^^^^^^^^^^^^^^^^
  File "/home/mathias/.pyenv/versions/3.11.8/envs/Artefact/lib/python3.11/site-packages/dbt/cli/requires.py", line 128, in wrapper
    return func(*args, **kwargs)
           ^^^^^^^^^^^^^^^^^^^^^
  File "/home/mathias/.pyenv/versions/3.11.8/envs/Artefact/lib/python3.11/site-packages/dbt/cli/requires.py", line 276, in wrapper
    return func(*args, **kwargs)
           ^^^^^^^^^^^^^^^^^^^^^
  File "/home/mathias/.pyenv/versions/3.11.8/envs/Artefact/lib/python3.11/site-packages/dbt/cli/requires.py", line 321, in wrapper
    return func(*args, **kwargs)
           ^^^^^^^^^^^^^^^^^^^^^
  File "/home/mathias/.pyenv/versions/3.11.8/envs/Artefact/lib/python3.11/site-packages/dbt/cli/requires.py", line 368, in wrapper
    return func(*args, **kwargs)
           ^^^^^^^^^^^^^^^^^^^^^
  File "/home/mathias/.pyenv/versions/3.11.8/envs/Artefact/lib/python3.11/site-packages/dbt/cli/main.py", line 307, in docs_serve
    results = task.run()
              ^^^^^^^^^^
  File "/home/mathias/.pyenv/versions/3.11.8/envs/Artefact/lib/python3.11/site-packages/dbt/task/docs/serve.py", line 29, in run
    httpd.serve_forever()
  File "/home/mathias/.pyenv/versions/3.11.8/lib/python3.11/socketserver.py", line 233, in serve_forever
    ready = selector.select(poll_interval)
            ^^^^^^^^^^^^^^^^^^^^^^^^^^^^^^
  File "/home/mathias/.pyenv/versions/3.11.8/lib/python3.11/selectors.py", line 415, in select
    fd_event_list = self._selector.poll(timeout)
                    ^^^^^^^^^^^^^^^^^^^^^^^^^^^^
KeyboardInterrupt

[0m01:46:53.943967 [debug] [MainThread]: Resource report: {"command_name": "serve", "command_success": false, "command_wall_clock_time": 425.48352, "process_in_blocks": "1096", "process_kernel_time": 0.681357, "process_mem_max_rss": "289760", "process_out_blocks": "0", "process_user_time": 6.071383}
[0m01:46:53.950703 [debug] [MainThread]: Command `dbt docs serve` failed at 01:46:53.950234 after 425.49 seconds
[0m01:46:53.956183 [debug] [MainThread]: Sending event: {'category': 'dbt', 'action': 'invocation', 'label': 'end', 'context': [<snowplow_tracker.self_describing_json.SelfDescribingJson object at 0x7a7ceb944e50>, <snowplow_tracker.self_describing_json.SelfDescribingJson object at 0x7a7ceb944490>, <snowplow_tracker.self_describing_json.SelfDescribingJson object at 0x7a7ceb947810>]}
[0m01:46:53.960697 [debug] [MainThread]: Flushing usage events
